<?xml version="1.0" encoding="UTF-8"?>
<testsuite xmlns:xsi="http://www.w3.org/2001/XMLSchema-instance" xsi:noNamespaceSchemaLocation="https://maven.apache.org/surefire/maven-surefire-plugin/xsd/surefire-test-report.xsd" name="com.hotelbooking.HotelTest" time="0.192" tests="2" errors="0" skipped="0" failures="0">
  <properties>
[...]
</properties>
  <testcase name="shouldPlaceBookingAndProcessBoutiqueHotel" classname="com.hotelbooking.HotelTest" time="0.07"/>
  <testcase name="shouldProcessChainHotelAndProduceConfirmationMessage" classname="com.hotelbooking.HotelTest" time="0.016"/>
</testsuite>